@nix {"action":"start","id":17061899317280768,"level":4,"parent":0,"text":"evaluating derivation 'git+file:///home/mbrock/filnix#rubyWithGem.rbnacl'","type":0}
@nix {"action":"msg","level":1,"msg":"\u001b[35;1mwarning:\u001b[0m Git tree '/home/mbrock/filnix' has uncommitted changes"}
@nix {"action":"stop","id":17061899317280768}
@nix {"action":"start","id":17062105475710976,"level":6,"parent":0,"text":"querying info about missing paths","type":0}
@nix {"action":"stop","id":17062105475710976}
@nix {"action":"start","id":17062105475710977,"level":0,"parent":0,"text":"","type":102}
@nix {"action":"start","id":17062105475710978,"level":0,"parent":0,"text":"","type":104}
@nix {"action":"start","id":17062105475710979,"level":0,"parent":0,"text":"","type":103}
@nix {"action":"result","fields":[0,0,0,0],"id":17062105475710978,"type":105}
@nix {"action":"result","fields":[0,0,0,0],"id":17062105475710979,"type":105}
@nix {"action":"result","fields":[101,0],"id":17062105475710977,"type":106}
@nix {"action":"result","fields":[100,0],"id":17062105475710977,"type":106}
@nix {"action":"start","id":17062105475710980,"level":6,"parent":0,"text":"querying info about missing paths","type":0}
@nix {"action":"stop","id":17062105475710980}
@nix {"action":"result","fields":[0,1,0,0],"id":17062105475710978,"type":105}
@nix {"action":"result","fields":[0,0,0,0],"id":17062105475710979,"type":105}
@nix {"action":"result","fields":[101,0],"id":17062105475710977,"type":106}
@nix {"action":"result","fields":[100,0],"id":17062105475710977,"type":106}
@nix {"action":"result","fields":[0,0,0,0],"id":17062105475710978,"type":105}
@nix {"action":"result","fields":[0,0,0,0],"id":17062105475710979,"type":105}
@nix {"action":"result","fields":[101,0],"id":17062105475710977,"type":106}
@nix {"action":"result","fields":[100,0],"id":17062105475710977,"type":106}
@nix {"action":"stop","id":17062105475710979}
@nix {"action":"stop","id":17062105475710978}
@nix {"action":"stop","id":17062105475710977}
