@nix {"action":"start","id":17064287319097344,"level":4,"parent":0,"text":"evaluating derivation 'git+file:///home/mbrock/filnix#rubyWithGem.sqlite3'","type":0}
@nix {"action":"msg","level":1,"msg":"\u001b[35;1mwarning:\u001b[0m Git tree '/home/mbrock/filnix' has uncommitted changes"}
@nix {"action":"stop","id":17064287319097344}
@nix {"action":"start","id":17064502067462144,"level":6,"parent":0,"text":"querying info about missing paths","type":0}
@nix {"action":"stop","id":17064502067462144}
@nix {"action":"start","id":17064502067462145,"level":0,"parent":0,"text":"","type":102}
@nix {"action":"start","id":17064502067462146,"level":0,"parent":0,"text":"","type":104}
@nix {"action":"start","id":17064502067462147,"level":0,"parent":0,"text":"","type":103}
@nix {"action":"result","fields":[0,0,0,0],"id":17064502067462146,"type":105}
@nix {"action":"result","fields":[0,0,0,0],"id":17064502067462147,"type":105}
@nix {"action":"result","fields":[101,0],"id":17064502067462145,"type":106}
@nix {"action":"result","fields":[100,0],"id":17064502067462145,"type":106}
@nix {"action":"start","id":17064502067462148,"level":6,"parent":0,"text":"querying info about missing paths","type":0}
@nix {"action":"stop","id":17064502067462148}
@nix {"action":"result","fields":[0,1,0,0],"id":17064502067462146,"type":105}
@nix {"action":"result","fields":[0,0,0,0],"id":17064502067462147,"type":105}
@nix {"action":"result","fields":[101,0],"id":17064502067462145,"type":106}
@nix {"action":"result","fields":[100,0],"id":17064502067462145,"type":106}
@nix {"action":"result","fields":[0,0,0,0],"id":17064502067462146,"type":105}
@nix {"action":"result","fields":[0,0,0,0],"id":17064502067462147,"type":105}
@nix {"action":"result","fields":[101,0],"id":17064502067462145,"type":106}
@nix {"action":"result","fields":[100,0],"id":17064502067462145,"type":106}
@nix {"action":"stop","id":17064502067462147}
@nix {"action":"stop","id":17064502067462146}
@nix {"action":"stop","id":17064502067462145}
